16:29:18.310 INFO  /product/get?serialNumber=4585858494905 : {"statusCode":500,"message":"Cannot read properties of null (reading 'getProductName')"} 
16:29:24.111 INFO  /product/get?serialNumber=4585858494905 : {"statusCode":500,"message":"Cannot read properties of null (reading 'getProductName')"} 
16:29:36.844 INFO  /product/get?serialNumber=4585858494905 : {"statusCode":500,"message":"Cannot read properties of null (reading 'getProductName')"} 
12:42:30.977 INFO  /product/get?serialNumber=2005141971002 : {"statusCode":500,"message":"Cannot read properties of null (reading 'getProductName')"} 
12:42:56.683 INFO  /product/new : {"errors":{"price":{"name":"ValidatorError","message":"Path `price` is required.","properties":{"message":"Path `price` is required.","type":"required","path":"price","value":null},"kind":"required","path":"price","value":null}},"_message":"Product validation failed","statusCode":500,"message":["Path `price` is required."]} 
12:43:48.986 INFO  /product/get?serialNumber=2005141971002 : {"statusCode":500,"message":"Cannot read properties of null (reading 'getProductName')"} 
14:36:17.364 INFO  /product/get?serialNumber=6224008033462 : {"statusCode":500,"message":"Cannot read properties of null (reading 'getProductName')"} 
14:36:23.962 INFO  /product/get?serialNumber=6224008033462 : {"statusCode":500,"message":"Cannot read properties of null (reading 'getProductName')"} 
14:36:26.666 INFO  /product/get?serialNumber=6224008033462 : {"statusCode":500,"message":"Cannot read properties of null (reading 'getProductName')"} 
14:41:44.188 INFO  /product/get?serialNumber=6223001085010 : {"statusCode":500,"message":"Cannot read properties of null (reading 'getProductName')"} 
15:41:23.647 INFO  /product/get?serialNumber=62901246 : {"statusCode":500,"message":"Cannot read properties of null (reading 'getProductName')"} 
15:41:32.761 INFO  /product/get?serialNumber=62901246 : {"statusCode":500,"message":"Cannot read properties of null (reading 'getProductName')"} 
15:48:41.278 INFO  /product/get?serialNumber=62901246 : {"statusCode":500,"message":"Cannot read properties of null (reading 'getProductName')"} 
16:03:07.437 INFO  /product/get?serialNumber=6223000421154 : {"statusCode":500,"message":"Cannot read properties of null (reading 'getProductName')"} 
16:03:10.006 INFO  /product/get?serialNumber=6223000421154 : {"statusCode":500,"message":"Cannot read properties of null (reading 'getProductName')"} 
16:03:12.799 INFO  /product/get?serialNumber=6223000422335 : {"statusCode":500,"message":"Cannot read properties of null (reading 'getProductName')"} 
23:23:11.453 INFO  /product/get?serialNumber=62901246 : {"statusCode":500,"message":"Cannot read properties of null (reading 'getProductName')"} 
13:40:00.273 INFO  /login : {"statusCode":400,"message":"الرجاء إدخال البريد الإلكتروني وكلمة المرور."} 
13:43:24.735 INFO  /login : {"statusCode":400,"message":"الرجاء إدخال البريد الإلكتروني وكلمة المرور."} 
13:46:40.164 INFO  /login : {"statusCode":400,"message":"خطأ في البريد الإلكتروني أو كلمة المرور."} 
13:52:23.740 INFO  /login : {"statusCode":400,"message":"خطأ في البريد الإلكتروني أو كلمة المرور."} 
13:52:37.500 INFO  /login : {"statusCode":400,"message":"خطأ في البريد الإلكتروني أو كلمة المرور."} 
13:53:35.482 INFO  /register : {"statusCode":400,"message":"المستخدم موجود مسبقاً."} 
13:53:37.696 INFO  /register : {"statusCode":400,"message":"المستخدم موجود مسبقاً."} 
13:53:38.178 INFO  /register : {"statusCode":400,"message":"المستخدم موجود مسبقاً."} 
13:53:41.660 INFO  /login : {"statusCode":400,"message":"خطأ في البريد الإلكتروني أو كلمة المرور."} 
14:12:30.118 INFO  /project/new : {"statusCode":500,"message":"Cannot destructure property 'token' of 'req.headers.authorization' as it is undefined."} 
14:12:44.080 INFO  /project/new : {"statusCode":401,"message":"Login first to access this resource."} 
14:12:59.421 INFO  /project/new : {"statusCode":401,"message":"Login first to access this resource."} 
14:13:01.400 INFO  /project/new : {"statusCode":401,"message":"Login first to access this resource."} 
14:13:23.857 INFO  /project/new : {"statusCode":401,"message":"Login first to access this resource."} 
14:13:33.280 INFO  /project/new : {"statusCode":401,"message":"Login first to access this resource."} 
14:13:51.358 INFO  /project/new : {"statusCode":500,"message":"Unexpected token u in JSON at position 0"} 
14:13:59.797 INFO  /project/new : {"statusCode":500,"message":"Unexpected token u in JSON at position 0"} 
14:14:13.836 INFO  /project/new : {"statusCode":500,"message":"Unexpected token u in JSON at position 0"} 
14:14:32.085 INFO  /project/new : {"statusCode":500,"message":"Unexpected token u in JSON at position 0"} 
14:14:55.037 INFO  /project/new : {"statusCode":500,"message":"Unexpected token u in JSON at position 0"} 
14:16:25.084 INFO  /project/new : {"statusCode":500,"message":"data is not defined"} 
14:34:30.320 INFO  / : {"statusCode":401,"message":"Login first to access this resource."} 
14:34:31.023 INFO  /favicon.ico : {"statusCode":401,"message":"Login first to access this resource."} 
14:38:39.204 INFO  /register : {"statusCode":401,"message":"Login first to access this resource."} 
14:38:40.052 INFO  /favicon.ico : {"statusCode":401,"message":"Login first to access this resource."} 
15:00:55.174 INFO  /img/port2.270656b9.jpeg : {"statusCode":401,"message":"Login first to access this resource."} 
15:00:55.179 INFO  /img/port3.e133efa3.jpeg : {"statusCode":401,"message":"Login first to access this resource."} 
15:00:55.182 INFO  /img/port1.5ccb76bd.jpeg : {"statusCode":401,"message":"Login first to access this resource."} 
19:54:31.909 INFO  /register : {"statusCode":401,"message":"Login first to access this resource."} 
19:54:32.074 INFO  /favicon.ico : {"statusCode":401,"message":"Login first to access this resource."} 
20:15:27.734 INFO  /register : {"statusCode":400,"message":"المستخدم موجود مسبقاً."} 
20:16:15.239 INFO  /register : {"statusCode":400,"message":"المستخدم موجود مسبقاً."} 
20:20:24.039 INFO  /registerhttps://identity.getpostman.com/login?auth_challenge=1eef97af4eb03161a1b71dde9487b3b4a5450b1f0d6a1c299d79074e0934973d&auth_device=app_native&auth_device_version=10.13.0 : {"statusCode":401,"message":"Login first to access this resource."} 
20:20:24.098 INFO  /favicon.ico : {"statusCode":401,"message":"Login first to access this resource."} 
20:31:43.194 INFO  /register : {"statusCode":400,"message":"المستخدم موجود مسبقاً."} 
21:36:38.881 INFO  /project/new : {"statusCode":500,"message":"next is not defined"} 
21:36:54.355 INFO  /project/new : {"statusCode":400,"message":"الرجاء ادخال الاسم وعدد الساعات"} 
21:48:12.629 INFO  /project/update?projectId=644c12d9d236945d0393d839 : {"statusCode":401,"message":"Login first to access this resource."} 
21:48:35.789 INFO  /project/update?projectId=644c12d9d236945d0393d839 : {"statusCode":500,"message":"_ is not defined"} 
21:48:59.731 INFO  /project/update?projectId=644c12d9d236945d0393d839 : {"statusCode":500,"message":"Cannot read properties of null (reading 'save')"} 
21:49:24.024 INFO  /project/update?projectId=644c12d9d236945d0393d839 : {"statusCode":500,"message":"Cannot read properties of null (reading 'save')"} 
21:56:41.263 INFO  /project/delete : {"statusCode":401,"message":"Login first to access this resource."} 
22:07:04.291 INFO  /updateProfile : {"statusCode":500,"message":"mongoose is not defined"} 
22:07:42.321 INFO  /updateProfile : {"statusCode":500,"message":"Cannot read properties of null (reading 'save')"} 
22:08:26.602 INFO  /updateProfile : {"statusCode":500,"message":"Cannot read properties of undefined (reading '_id')"} 
17:24:19.733 INFO  /updateProfile : {"statusCode":401,"message":"Login first to access this resource."} 
17:24:31.232 INFO  /updateProfile : {"statusCode":500,"message":"userId is not defined"} 
23:13:07.687 INFO  /updateProfile : {"statusCode":500,"message":"Cannot read properties of undefined (reading 'oldPassword')"} 
23:13:16.519 INFO  /updateProfile : {"statusCode":500,"message":"Cannot read properties of undefined (reading 'oldPassword')"} 
23:14:50.850 INFO  /updateProfile : {"statusCode":500,"message":"Cannot read properties of undefined (reading 'oldPassword')"} 
23:14:53.383 INFO  /updateProfile : {"statusCode":500,"message":"Cannot read properties of undefined (reading 'oldPassword')"} 
23:14:59.964 INFO  /updateProfile : {"statusCode":500,"message":"Cannot read properties of undefined (reading 'oldPassword')"} 
23:15:08.355 INFO  /updateProfile : {"statusCode":500,"message":"Cannot read properties of undefined (reading 'oldPassword')"} 
01:15:00.013 INFO  /exceljs : {"statusCode":401,"message":"Login first to access this resource."} 
01:41:35.205 INFO  /projects/excel/get : {"statusCode":500,"message":"user is not defined"} 
01:50:29.242 INFO  /projects/excel/get : {"statusCode":500,"message":"user is not defined"} 
01:53:10.771 INFO  /projects/excel/get : {"statusCode":500,"message":"user is not defined"} 
01:53:12.303 INFO  /projects/excel/get : {"statusCode":500,"message":"user is not defined"} 
01:53:14.459 INFO  /projects/excel/get : {"statusCode":500,"message":"user is not defined"} 
01:53:58.534 INFO  /projects/excel/get : {"statusCode":500,"message":"user is not defined"} 
01:58:40.102 INFO  /projects/excel/get : {"statusCode":500,"message":"user is not defined"} 
19:54:54.002 INFO  /update : {"statusCode":500,"message":"Cannot read properties of null (reading 'save')"} 
20:00:32.882 INFO  /update : {"statusCode":500,"message":"Cannot read properties of null (reading 'save')"} 
20:25:50.846 INFO  /update : {"statusCode":500,"message":"Cannot read properties of null (reading 'save')"} 
20:27:25.800 INFO  /update : {"statusCode":500,"message":"Cannot read properties of null (reading 'save')"} 
20:28:36.084 INFO  /update : {"statusCode":500,"message":"Cannot read properties of null (reading 'save')"} 
20:33:05.581 INFO  /update : {"statusCode":500,"message":"Cannot read properties of null (reading 'save')"} 
23:08:32.921 INFO  / : {"statusCode":401,"message":"Login first to access this resource."} 
23:08:33.323 INFO  /favicon.ico : {"statusCode":401,"message":"Login first to access this resource."} 
23:08:38.835 INFO  / : {"statusCode":401,"message":"Login first to access this resource."} 
23:08:38.976 INFO  /favicon.ico : {"statusCode":401,"message":"Login first to access this resource."} 
23:09:22.883 INFO  / : {"statusCode":401,"message":"Login first to access this resource."} 
23:09:23.047 INFO  /favicon.ico : {"statusCode":401,"message":"Login first to access this resource."} 
23:20:47.967 INFO  /app.666e5a772a372446.hot-update.json : {"statusCode":401,"message":"Login first to access this resource."} 
23:34:21.893 INFO  / : {"statusCode":401,"message":"Login first to access this resource."} 
23:34:22.139 INFO  /favicon.ico : {"statusCode":401,"message":"Login first to access this resource."} 
23:40:43.673 INFO  /app.734748af1e3262aa.hot-update.json : {"statusCode":401,"message":"Login first to access this resource."} 
23:40:54.155 INFO  / : {"statusCode":401,"message":"Login first to access this resource."} 
23:40:54.440 INFO  /favicon.ico : {"statusCode":401,"message":"Login first to access this resource."} 
23:40:58.933 INFO  / : {"statusCode":401,"message":"Login first to access this resource."} 
23:40:59.464 INFO  /favicon.ico : {"statusCode":401,"message":"Login first to access this resource."} 
23:41:58.337 INFO  /checkEmail?email=shahdsami@gmail.com : {"statusCode":401,"message":"Login first to access this resource."} 
23:42:21.620 INFO  /app.47f7d28d28cb7c63.hot-update.json : {"statusCode":401,"message":"Login first to access this resource."} 
23:42:25.794 INFO  /checkEmail?email=shahdsami@gmail.com : {"statusCode":401,"message":"Login first to access this resource."} 
23:43:04.079 INFO  /checkEmail?email=shahdhammouda@gmail.com : {"statusCode":401,"message":"Login first to access this resource."} 
23:44:02.846 INFO  /checkEmail?email=shahdhammouda@gmail.com : {"statusCode":401,"message":"Login first to access this resource."} 
23:44:04.339 INFO  /checkEmail?email=shahdhammouda@gmail.com : {"statusCode":401,"message":"Login first to access this resource."} 
23:44:04.927 INFO  /checkEmail?email=shahdhammouda@gmail.com : {"statusCode":401,"message":"Login first to access this resource."} 
23:44:05.535 INFO  /checkEmail?email=shahdhammouda@gmail.com : {"statusCode":401,"message":"Login first to access this resource."} 
23:44:05.636 INFO  /checkEmail?email=shahdhammouda@gmail.com : {"statusCode":401,"message":"Login first to access this resource."} 
23:44:05.822 INFO  /checkEmail?email=shahdhammouda@gmail.com : {"statusCode":401,"message":"Login first to access this resource."} 
23:44:06.010 INFO  /checkEmail?email=shahdhammouda@gmail.com : {"statusCode":401,"message":"Login first to access this resource."} 
23:44:27.013 INFO  /checkEmail?email=nosiba@gmail.com : {"statusCode":401,"message":"Login first to access this resource."} 
23:44:43.795 INFO  /app.1ba32fdc03547ada.hot-update.json : {"statusCode":401,"message":"Login first to access this resource."} 
23:45:17.566 INFO  /checkEmail?email=nosiba@gmail.com : {"statusCode":401,"message":"Login first to access this resource."} 
23:45:26.836 INFO  / : {"statusCode":401,"message":"Login first to access this resource."} 
23:45:27.049 INFO  /favicon.ico : {"statusCode":401,"message":"Login first to access this resource."} 
23:49:28.155 INFO  /app.bf337ac9cf45782b.hot-update.json : {"statusCode":401,"message":"Login first to access this resource."} 
23:56:05.435 INFO  /register : {"statusCode":400,"message":"المستخدم موجود مسبقاً."} 
23:58:03.094 INFO  /img/port2.270656b9.jpeg : {"statusCode":401,"message":"Login first to access this resource."} 
23:58:03.117 INFO  /img/port3.e133efa3.jpeg : {"statusCode":401,"message":"Login first to access this resource."} 
23:58:03.119 INFO  /img/port1.5ccb76bd.jpeg : {"statusCode":401,"message":"Login first to access this resource."} 
23:58:07.039 INFO  /img/port2.270656b9.jpeg : {"statusCode":401,"message":"Login first to access this resource."} 
23:58:07.042 INFO  /img/port3.e133efa3.jpeg : {"statusCode":401,"message":"Login first to access this resource."} 
23:58:07.044 INFO  /img/port1.5ccb76bd.jpeg : {"statusCode":401,"message":"Login first to access this resource."} 
00:11:47.921 INFO  /app.82d0f38fc1fe6717.hot-update.json : {"statusCode":401,"message":"Login first to access this resource."} 
00:14:22.608 INFO  /app.dcd5df944267bca2.hot-update.json : {"statusCode":401,"message":"Login first to access this resource."} 
00:27:31.095 INFO  /img/port4.d0228427.jpeg : {"statusCode":401,"message":"Login first to access this resource."} 
00:28:05.082 INFO  /app.04457858987e882e.hot-update.json : {"statusCode":401,"message":"Login first to access this resource."} 
00:28:19.715 INFO  / : {"statusCode":401,"message":"Login first to access this resource."} 
00:28:19.994 INFO  /favicon.ico : {"statusCode":401,"message":"Login first to access this resource."} 
00:29:11.591 INFO  /app.6e3b7200ec213b3a.hot-update.json : {"statusCode":401,"message":"Login first to access this resource."} 
00:30:51.082 INFO  /app.613c8d69b2835a6c.hot-update.json : {"statusCode":401,"message":"Login first to access this resource."} 
00:30:51.098 INFO  /app.613c8d69b2835a6c.hot-update.json : {"statusCode":401,"message":"Login first to access this resource."} 
00:34:01.150 INFO  / : {"statusCode":401,"message":"Login first to access this resource."} 
00:34:01.608 INFO  /favicon.ico : {"statusCode":401,"message":"Login first to access this resource."} 
00:34:38.634 INFO  /app.909824e296df8d33.hot-update.json : {"statusCode":401,"message":"Login first to access this resource."} 
00:43:22.865 INFO  /img/port4.d0228427.jpeg : {"statusCode":401,"message":"Login first to access this resource."} 
00:43:59.013 INFO  /img/port4.d0228427.jpeg : {"statusCode":401,"message":"Login first to access this resource."} 
00:44:08.131 INFO  /img/port2.270656b9.jpeg : {"statusCode":401,"message":"Login first to access this resource."} 
00:44:08.134 INFO  /img/port3.e133efa3.jpeg : {"statusCode":401,"message":"Login first to access this resource."} 
00:44:08.137 INFO  /img/port1.5ccb76bd.jpeg : {"statusCode":401,"message":"Login first to access this resource."} 
00:44:10.447 INFO  /img/port4.d0228427.jpeg : {"statusCode":401,"message":"Login first to access this resource."} 
00:53:23.524 INFO  / : {"statusCode":401,"message":"Login first to access this resource."} 
00:53:23.718 INFO  /favicon.ico : {"statusCode":401,"message":"Login first to access this resource."} 
22:21:30.871 INFO  /img/port4.d0228427.jpeg : {"statusCode":401,"message":"Login first to access this resource."} 
22:22:21.544 INFO  /img/port4.d0228427.jpeg : {"statusCode":401,"message":"Login first to access this resource."} 
22:26:21.395 INFO  /img/port4.d0228427.jpeg : {"statusCode":401,"message":"Login first to access this resource."} 
22:27:34.960 INFO  /app.77e7f78af845ded8.hot-update.json : {"statusCode":401,"message":"Login first to access this resource."} 
22:30:18.794 INFO  /img/port2.270656b9.jpeg : {"statusCode":401,"message":"Login first to access this resource."} 
22:30:18.798 INFO  /img/port3.e133efa3.jpeg : {"statusCode":401,"message":"Login first to access this resource."} 
22:30:18.802 INFO  /img/port1.5ccb76bd.jpeg : {"statusCode":401,"message":"Login first to access this resource."} 
22:30:22.190 INFO  / : {"statusCode":401,"message":"Login first to access this resource."} 
22:30:23.205 INFO  /favicon.ico : {"statusCode":401,"message":"Login first to access this resource."} 
22:46:35.167 INFO  / : {"statusCode":401,"message":"Login first to access this resource."} 
22:46:35.988 INFO  /favicon.ico : {"statusCode":401,"message":"Login first to access this resource."} 
22:46:38.708 INFO  / : {"statusCode":401,"message":"Login first to access this resource."} 
22:46:38.940 INFO  /favicon.ico : {"statusCode":401,"message":"Login first to access this resource."} 
22:48:55.829 INFO  /img/port4.d0228427.jpeg : {"statusCode":401,"message":"Login first to access this resource."} 
22:49:06.428 INFO  / : {"statusCode":401,"message":"Login first to access this resource."} 
22:49:06.641 INFO  /favicon.ico : {"statusCode":401,"message":"Login first to access this resource."} 
22:59:09.665 INFO  /img/port4.d0228427.jpeg : {"statusCode":401,"message":"Login first to access this resource."} 
23:35:03.983 INFO  /img/port4.d0228427.jpeg : {"statusCode":401,"message":"Login first to access this resource."} 
23:36:16.509 INFO  /img/port2.270656b9.jpeg : {"statusCode":401,"message":"Login first to access this resource."} 
23:36:16.512 INFO  /img/port3.e133efa3.jpeg : {"statusCode":401,"message":"Login first to access this resource."} 
23:36:16.514 INFO  /img/port1.5ccb76bd.jpeg : {"statusCode":401,"message":"Login first to access this resource."} 
23:42:26.870 INFO  /img/port4.d0228427.jpeg : {"statusCode":401,"message":"Login first to access this resource."} 
23:43:01.460 INFO  /img/port2.270656b9.jpeg : {"statusCode":401,"message":"Login first to access this resource."} 
23:43:01.463 INFO  /img/port3.e133efa3.jpeg : {"statusCode":401,"message":"Login first to access this resource."} 
23:43:01.468 INFO  /img/port1.5ccb76bd.jpeg : {"statusCode":401,"message":"Login first to access this resource."} 
23:43:08.024 INFO  /img/port3.e133efa3.jpeg : {"statusCode":401,"message":"Login first to access this resource."} 
23:43:08.027 INFO  /img/port1.5ccb76bd.jpeg : {"statusCode":401,"message":"Login first to access this resource."} 
23:43:08.030 INFO  /img/port2.270656b9.jpeg : {"statusCode":401,"message":"Login first to access this resource."} 
23:52:15.281 INFO  /app.bcb3f41297ce08a1.hot-update.json : {"statusCode":401,"message":"Login first to access this resource."} 
23:52:19.619 INFO  / : {"statusCode":401,"message":"Login first to access this resource."} 
23:52:20.070 INFO  /favicon.ico : {"statusCode":401,"message":"Login first to access this resource."} 
23:53:07.389 INFO  /img/port4.d0228427.jpeg : {"statusCode":401,"message":"Login first to access this resource."} 
23:53:50.084 INFO  /img/port2.270656b9.jpeg : {"statusCode":401,"message":"Login first to access this resource."} 
23:53:50.088 INFO  /img/port3.e133efa3.jpeg : {"statusCode":401,"message":"Login first to access this resource."} 
23:53:50.090 INFO  /img/port1.5ccb76bd.jpeg : {"statusCode":401,"message":"Login first to access this resource."} 
23:54:02.141 INFO  /app.a7f99795c3c1e224.hot-update.json : {"statusCode":401,"message":"Login first to access this resource."} 
23:59:00.216 INFO  /img/port4.d0228427.jpeg : {"statusCode":401,"message":"Login first to access this resource."} 
23:59:02.623 INFO  /img/port3.e133efa3.jpeg : {"statusCode":401,"message":"Login first to access this resource."} 
23:59:02.626 INFO  /img/port2.270656b9.jpeg : {"statusCode":401,"message":"Login first to access this resource."} 
23:59:02.629 INFO  /img/port1.5ccb76bd.jpeg : {"statusCode":401,"message":"Login first to access this resource."} 
00:02:32.807 INFO  /img/port4.d0228427.jpeg : {"statusCode":401,"message":"Login first to access this resource."} 
00:40:02.891 INFO  /img/port4.d0228427.jpeg : {"statusCode":401,"message":"Login first to access this resource."} 
00:40:54.871 INFO  /img/port3.e133efa3.jpeg : {"statusCode":401,"message":"Login first to access this resource."} 
00:40:54.873 INFO  /img/port2.270656b9.jpeg : {"statusCode":401,"message":"Login first to access this resource."} 
00:40:54.877 INFO  /img/port1.5ccb76bd.jpeg : {"statusCode":401,"message":"Login first to access this resource."} 
00:48:27.316 INFO  /ws : {"statusCode":401,"message":"Login first to access this resource."} 
18:34:07.211 INFO  /register : {"statusCode":400,"message":"المستخدم موجود مسبقاً."} 
19:12:56.022 INFO  /img/port4.d0228427.jpeg : {"statusCode":401,"message":"Login first to access this resource."} 
19:13:25.398 INFO  /? : {"statusCode":401,"message":"Login first to access this resource."} 
19:13:25.567 INFO  /favicon.ico : {"statusCode":401,"message":"Login first to access this resource."} 
19:13:51.377 INFO  /? : {"statusCode":401,"message":"Login first to access this resource."} 
19:13:51.562 INFO  /favicon.ico : {"statusCode":401,"message":"Login first to access this resource."} 
19:13:57.615 INFO  / : {"statusCode":401,"message":"Login first to access this resource."} 
19:13:57.790 INFO  /favicon.ico : {"statusCode":401,"message":"Login first to access this resource."} 
19:17:04.012 INFO  /js/app.js : {"statusCode":401,"message":"Login first to access this resource."} 
19:17:27.923 INFO  / : {"statusCode":401,"message":"Login first to access this resource."} 
19:17:28.592 INFO  /favicon.ico : {"statusCode":401,"message":"Login first to access this resource."} 
19:18:43.526 INFO  /img/port4.d0228427.jpeg : {"statusCode":401,"message":"Login first to access this resource."} 
21:12:48.461 INFO  /img/port4.d0228427.jpeg : {"statusCode":401,"message":"Login first to access this resource."} 
21:13:13.549 INFO  /app.4731431712beaa68.hot-update.json : {"statusCode":401,"message":"Login first to access this resource."} 
21:13:13.560 INFO  /app.4731431712beaa68.hot-update.json : {"statusCode":401,"message":"Login first to access this resource."} 
21:17:00.483 INFO  /img/port4.d0228427.jpeg : {"statusCode":401,"message":"Login first to access this resource."} 
21:17:58.894 INFO  //project/new : {"statusCode":401,"message":"Login first to access this resource."} 
21:18:04.750 INFO  //project/new : {"statusCode":401,"message":"Login first to access this resource."} 
21:18:08.452 INFO  //project/new : {"statusCode":401,"message":"Login first to access this resource."} 
21:18:25.312 INFO  //project/new : {"statusCode":401,"message":"Login first to access this resource."} 
21:19:00.060 INFO  / : {"statusCode":401,"message":"Login first to access this resource."} 
21:19:00.495 INFO  /favicon.ico : {"statusCode":401,"message":"Login first to access this resource."} 
21:19:04.309 INFO  //project/new : {"statusCode":401,"message":"Login first to access this resource."} 
21:20:37.029 INFO  /img/port4.d0228427.jpeg : {"statusCode":401,"message":"Login first to access this resource."} 
21:21:05.863 INFO  //project/new : {"statusCode":401,"message":"Login first to access this resource."} 
21:22:12.300 INFO  //project/new : {"statusCode":401,"message":"Login first to access this resource."} 
21:23:30.031 INFO  /img/port4.d0228427.jpeg : {"statusCode":401,"message":"Login first to access this resource."} 
21:23:54.885 INFO  //project/new : {"statusCode":401,"message":"Login first to access this resource."} 
21:23:58.100 INFO  //project/new : {"statusCode":401,"message":"Login first to access this resource."} 
21:36:16.717 INFO  /img/port4.d0228427.jpeg : {"statusCode":401,"message":"Login first to access this resource."} 
21:36:35.556 INFO  //project/new : {"statusCode":401,"message":"Login first to access this resource."} 
21:36:39.009 INFO  //project/new : {"statusCode":401,"message":"Login first to access this resource."} 
21:40:52.663 INFO  //project/new : {"statusCode":401,"message":"Login first to access this resource."} 
21:41:00.373 INFO  //project/new : {"statusCode":401,"message":"Login first to access this resource."} 
21:46:05.232 INFO  /app.f2e54ed31eed48dd.hot-update.json : {"statusCode":401,"message":"Login first to access this resource."} 
21:46:05.237 INFO  /app.f2e54ed31eed48dd.hot-update.json : {"statusCode":401,"message":"Login first to access this resource."} 
21:46:05.267 INFO  /app.f2e54ed31eed48dd.hot-update.json : {"statusCode":401,"message":"Login first to access this resource."} 
21:47:41.537 INFO  / : {"statusCode":401,"message":"Login first to access this resource."} 
21:47:41.997 INFO  /favicon.ico : {"statusCode":401,"message":"Login first to access this resource."} 
21:48:33.715 INFO  /img/port4.d0228427.jpeg : {"statusCode":401,"message":"Login first to access this resource."} 
21:48:49.308 INFO  //project/new : {"name":"JsonWebTokenError","message":"invalid token","statusCode":500} 
21:49:09.889 INFO  /app.c09f84cea80c95bc.hot-update.json : {"statusCode":401,"message":"Login first to access this resource."} 
21:49:14.939 INFO  //project/new : {"name":"JsonWebTokenError","message":"invalid token","statusCode":500} 
21:50:00.637 INFO  /img/port4.d0228427.jpeg : {"statusCode":401,"message":"Login first to access this resource."} 
21:54:34.932 INFO  /app.623c4d2c2d866ffe.hot-update.json : {"statusCode":401,"message":"Login first to access this resource."} 
21:56:15.011 INFO  / : {"statusCode":401,"message":"Login first to access this resource."} 
21:56:15.440 INFO  /favicon.ico : {"statusCode":401,"message":"Login first to access this resource."} 
21:57:57.728 INFO  /img/port4.d0228427.jpeg : {"statusCode":401,"message":"Login first to access this resource."} 
21:58:11.467 INFO  //project/new : {"name":"JsonWebTokenError","message":"invalid token","statusCode":500} 
21:58:15.753 INFO  //project/new : {"name":"JsonWebTokenError","message":"invalid token","statusCode":500} 
22:00:09.678 INFO  /img/port4.d0228427.jpeg : {"statusCode":401,"message":"Login first to access this resource."} 
22:11:18.541 INFO  /img/port4.d0228427.jpeg : {"statusCode":401,"message":"Login first to access this resource."} 
22:13:39.209 INFO  /app.2ab7bdba9786f244.hot-update.json : {"statusCode":401,"message":"Login first to access this resource."} 
22:13:53.154 INFO  / : {"statusCode":401,"message":"Login first to access this resource."} 
22:13:53.618 INFO  /favicon.ico : {"statusCode":401,"message":"Login first to access this resource."} 
22:14:26.942 INFO  /img/port4.d0228427.jpeg : {"statusCode":401,"message":"Login first to access this resource."} 
22:15:13.744 INFO  /app.e2ad920d4109fa83.hot-update.json : {"statusCode":401,"message":"Login first to access this resource."} 
22:17:36.977 INFO  /img/port4.d0228427.jpeg : {"statusCode":401,"message":"Login first to access this resource."} 
22:17:49.974 INFO  //project/new : {"statusCode":401,"message":"Login first to access this resource."} 
22:17:50.773 INFO  //project/new : {"statusCode":401,"message":"Login first to access this resource."} 
22:17:51.596 INFO  //project/new : {"statusCode":401,"message":"Login first to access this resource."} 
22:17:53.351 INFO  //project/new : {"statusCode":401,"message":"Login first to access this resource."} 
22:17:54.149 INFO  //project/new : {"statusCode":401,"message":"Login first to access this resource."} 
22:37:30.902 INFO  /img/port4.d0228427.jpeg : {"statusCode":401,"message":"Login first to access this resource."} 
22:37:48.010 INFO  //project/new : {"statusCode":401,"message":"Login first to access this resource."} 
22:37:50.278 INFO  //project/new : {"statusCode":401,"message":"Login first to access this resource."} 
21:51:34.273 INFO  /img/port4.d0228427.jpeg : {"statusCode":401,"message":"Login first to access this resource."} 
21:51:57.232 INFO  //project/new : {"statusCode":401,"message":"Login first to access this resource."} 
21:51:58.842 INFO  //project/new : {"statusCode":401,"message":"Login first to access this resource."} 
22:08:08.738 INFO  /img/port4.d0228427.jpeg : {"statusCode":401,"message":"Login first to access this resource."} 
22:08:31.953 INFO  /project/new : {"statusCode":400,"message":"الرجاء ادخال الاسم وعدد الساعات"} 
22:15:08.622 INFO  /app.7acaee78da44b249.hot-update.json : {"statusCode":401,"message":"Login first to access this resource."} 
22:27:11.579 INFO  /img/port4.d0228427.jpeg : {"statusCode":401,"message":"Login first to access this resource."} 
23:58:41.530 INFO  /img/port4.d0228427.jpeg : {"statusCode":401,"message":"Login first to access this resource."} 
23:58:49.158 INFO  / : {"statusCode":401,"message":"Login first to access this resource."} 
23:58:49.358 INFO  /favicon.ico : {"statusCode":401,"message":"Login first to access this resource."} 
13:44:52.202 INFO  /img/port4.d0228427.jpeg : {"statusCode":401,"message":"Login first to access this resource."} 
13:45:25.613 INFO  /? : {"statusCode":401,"message":"Login first to access this resource."} 
13:45:25.823 INFO  /favicon.ico : {"statusCode":401,"message":"Login first to access this resource."} 
13:52:14.759 INFO  /img/port4.d0228427.jpeg : {"statusCode":401,"message":"Login first to access this resource."} 
15:01:19.547 INFO  /img/port4.d0228427.jpeg : {"statusCode":401,"message":"Login first to access this resource."} 
15:28:19.102 INFO  /img/port4.d0228427.jpeg : {"statusCode":401,"message":"Login first to access this resource."} 
15:29:14.326 INFO  /project/update%20undefined : {"statusCode":401,"message":"Login first to access this resource."} 
15:29:15.674 INFO  /project/update%20undefined : {"statusCode":401,"message":"Login first to access this resource."} 
15:29:19.576 INFO  /project/update%20undefined : {"statusCode":401,"message":"Login first to access this resource."} 
15:29:22.749 INFO  /project/update%20undefined : {"statusCode":401,"message":"Login first to access this resource."} 
15:29:49.128 INFO  /project/update%20undefined : {"statusCode":401,"message":"Login first to access this resource."} 
15:29:59.858 INFO  /project/update%20undefined : {"statusCode":401,"message":"Login first to access this resource."} 
19:01:44.380 INFO  /img/WhatsApp%20Image%202023-03-27%20at%201.52.22%20AM.c11c33d4.jpeg : {"statusCode":401,"message":"Login first to access this resource."} 
19:03:22.710 INFO  /api/projects/undefined : {"statusCode":401,"message":"Login first to access this resource."} 
19:05:35.914 INFO  /app.db7f6e73bc9c4da7.hot-update.json : {"statusCode":401,"message":"Login first to access this resource."} 
19:06:19.756 INFO  /project/new : {"statusCode":400,"message":"الرجاء ادخال الاسم وعدد الساعات"} 
19:30:13.753 INFO  /img/WhatsApp%20Image%202023-03-27%20at%201.52.22%20AM.c11c33d4.jpeg : {"statusCode":401,"message":"Login first to access this resource."} 
19:35:25.962 INFO  /app.94f2193e87fd9869.hot-update.json : {"statusCode":401,"message":"Login first to access this resource."} 
22:15:17.727 INFO  /img/WhatsApp%20Image%202023-03-27%20at%201.52.22%20AM.c11c33d4.jpeg : {"statusCode":401,"message":"Login first to access this resource."} 
22:16:36.053 INFO  / : {"statusCode":401,"message":"Login first to access this resource."} 
22:16:36.406 INFO  /favicon.ico : {"statusCode":401,"message":"Login first to access this resource."} 
22:16:43.669 INFO  /favicon.ico : {"statusCode":401,"message":"Login first to access this resource."} 
22:16:44.757 INFO  /favicon.ico : {"statusCode":401,"message":"Login first to access this resource."} 
22:17:06.992 INFO  /img/WhatsApp%20Image%202023-03-27%20at%201.52.22%20AM.c11c33d4.jpeg : {"statusCode":401,"message":"Login first to access this resource."} 
22:17:23.294 INFO  /img/WhatsApp%20Image%202023-03-27%20at%201.52.22%20AM.c11c33d4.jpeg : {"statusCode":401,"message":"Login first to access this resource."} 
22:26:01.597 INFO  /app.2f300e12b6aa7c82.hot-update.json : {"statusCode":401,"message":"Login first to access this resource."} 
22:27:02.452 INFO  /img/WhatsApp%20Image%202023-03-27%20at%201.52.22%20AM.c11c33d4.jpeg : {"statusCode":401,"message":"Login first to access this resource."} 
22:28:06.583 INFO  /img/WhatsApp%20Image%202023-03-27%20at%201.52.22%20AM.c11c33d4.jpeg : {"statusCode":401,"message":"Login first to access this resource."} 
15:15:50.693 INFO  /img/WhatsApp%20Image%202023-03-27%20at%201.52.22%20AM.c11c33d4.jpeg : {"statusCode":401,"message":"Login first to access this resource."} 
15:25:20.891 INFO  /app.4aedb2a6b5a740b0.hot-update.json : {"statusCode":401,"message":"Login first to access this resource."} 
15:30:13.988 INFO  / : {"statusCode":401,"message":"Login first to access this resource."} 
15:30:14.310 INFO  /favicon.ico : {"statusCode":401,"message":"Login first to access this resource."} 
15:30:19.040 INFO  / : {"statusCode":401,"message":"Login first to access this resource."} 
15:30:19.567 INFO  /favicon.ico : {"statusCode":401,"message":"Login first to access this resource."} 
15:31:14.268 INFO  /img/WhatsApp%20Image%202023-03-27%20at%201.52.22%20AM.c11c33d4.jpeg : {"statusCode":401,"message":"Login first to access this resource."} 
15:31:46.856 INFO  /img/WhatsApp%20Image%202023-03-27%20at%201.52.22%20AM.c11c33d4.jpeg : {"statusCode":401,"message":"Login first to access this resource."} 
15:33:32.219 INFO  /img/WhatsApp%20Image%202023-03-27%20at%201.52.22%20AM.c11c33d4.jpeg : {"statusCode":401,"message":"Login first to access this resource."} 
15:34:04.035 INFO  /img/WhatsApp%20Image%202023-03-27%20at%201.52.22%20AM.c11c33d4.jpeg : {"statusCode":401,"message":"Login first to access this resource."} 
15:39:15.658 INFO  /projects/data/get : {"statusCode":401,"message":"Login first to access this resource."} 
15:42:30.890 INFO  /img/WhatsApp%20Image%202023-03-27%20at%201.52.22%20AM.c11c33d4.jpeg : {"statusCode":401,"message":"Login first to access this resource."} 
15:43:20.142 INFO  /img/WhatsApp%20Image%202023-03-27%20at%201.52.22%20AM.c11c33d4.jpeg : {"statusCode":401,"message":"Login first to access this resource."} 
15:44:18.662 INFO  /img/WhatsApp%20Image%202023-03-27%20at%201.52.22%20AM.c11c33d4.jpeg : {"statusCode":401,"message":"Login first to access this resource."} 
15:45:52.739 INFO  /img/WhatsApp%20Image%202023-03-27%20at%201.52.22%20AM.c11c33d4.jpeg : {"statusCode":401,"message":"Login first to access this resource."} 
15:47:21.615 INFO  /projects/data/get : {"statusCode":401,"message":"user not found!."} 
15:47:32.278 INFO  /img/WhatsApp%20Image%202023-03-27%20at%201.52.22%20AM.c11c33d4.jpeg : {"statusCode":401,"message":"Login first to access this resource."} 
15:49:46.011 INFO  /img/WhatsApp%20Image%202023-03-27%20at%201.52.22%20AM.c11c33d4.jpeg : {"statusCode":401,"message":"Login first to access this resource."} 
15:54:24.024 INFO  /img/WhatsApp%20Image%202023-03-27%20at%201.52.22%20AM.c11c33d4.jpeg : {"statusCode":401,"message":"Login first to access this resource."} 
15:55:30.438 INFO  /updateProfile : {"statusCode":401,"message":"Login first to access this resource."} 
15:55:48.136 INFO  /updateProfile : {"statusCode":401,"message":"Login first to access this resource."} 
15:56:02.828 INFO  /updateProfile : {"statusCode":401,"message":"Login first to access this resource."} 
15:56:31.223 INFO  /updateProfile : {"statusCode":401,"message":"Login first to access this resource."} 
15:56:35.757 INFO  /updateProfile : {"statusCode":401,"message":"Login first to access this resource."} 
15:57:11.196 INFO  /img/WhatsApp%20Image%202023-03-27%20at%201.52.22%20AM.c11c33d4.jpeg : {"statusCode":401,"message":"Login first to access this resource."} 
16:02:48.574 INFO  /img/WhatsApp%20Image%202023-03-27%20at%201.52.22%20AM.c11c33d4.jpeg : {"statusCode":401,"message":"Login first to access this resource."} 
16:17:45.987 INFO  /app.dee8b37a5cf63041.hot-update.json : {"statusCode":401,"message":"Login first to access this resource."} 
16:21:26.675 INFO  / : {"statusCode":401,"message":"Login first to access this resource."} 
16:21:27.174 INFO  /favicon.ico : {"statusCode":401,"message":"Login first to access this resource."} 
16:35:28.449 INFO  /img/WhatsApp%20Image%202023-03-27%20at%201.52.22%20AM.c11c33d4.jpeg : {"statusCode":401,"message":"Login first to access this resource."} 
16:36:26.826 INFO  /img/WhatsApp%20Image%202023-03-27%20at%201.52.22%20AM.c11c33d4.jpeg : {"statusCode":401,"message":"Login first to access this resource."} 
16:36:53.664 INFO  /img/WhatsApp%20Image%202023-03-27%20at%201.52.22%20AM.c11c33d4.jpeg : {"statusCode":401,"message":"Login first to access this resource."} 
16:39:42.230 INFO  /img/WhatsApp%20Image%202023-03-27%20at%201.52.22%20AM.c11c33d4.jpeg : {"statusCode":401,"message":"Login first to access this resource."} 
16:41:42.405 INFO  /app.78d17834ced06ab7.hot-update.json : {"statusCode":401,"message":"Login first to access this resource."} 
16:41:42.420 INFO  /app.78d17834ced06ab7.hot-update.json : {"statusCode":401,"message":"Login first to access this resource."} 
16:43:36.724 INFO  /img/WhatsApp%20Image%202023-03-27%20at%201.52.22%20AM.c11c33d4.jpeg : {"statusCode":401,"message":"Login first to access this resource."} 
16:43:38.220 INFO  / : {"statusCode":401,"message":"Login first to access this resource."} 
16:43:38.451 INFO  /favicon.ico : {"statusCode":401,"message":"Login first to access this resource."} 
16:44:09.539 INFO  /img/WhatsApp%20Image%202023-03-27%20at%201.52.22%20AM.c11c33d4.jpeg : {"statusCode":401,"message":"Login first to access this resource."} 
16:45:15.364 INFO  /app.53dcc93823fd9bc3.hot-update.json : {"statusCode":401,"message":"Login first to access this resource."} 
16:45:19.146 INFO  /img/WhatsApp%20Image%202023-03-27%20at%201.52.22%20AM.c11c33d4.jpeg : {"statusCode":401,"message":"Login first to access this resource."} 
16:45:52.873 INFO  /img/WhatsApp%20Image%202023-03-27%20at%201.52.22%20AM.c11c33d4.jpeg : {"statusCode":401,"message":"Login first to access this resource."} 
16:47:26.992 INFO  /login : {"statusCode":400,"message":"خطأ في البريد الإلكتروني أو كلمة المرور."} 
16:47:35.958 INFO  /img/WhatsApp%20Image%202023-03-27%20at%201.52.22%20AM.c11c33d4.jpeg : {"statusCode":401,"message":"Login first to access this resource."} 
16:47:47.804 INFO  /img/WhatsApp%20Image%202023-03-27%20at%201.52.22%20AM.c11c33d4.jpeg : {"statusCode":401,"message":"Login first to access this resource."} 
23:55:13.537 INFO  / : {"statusCode":401,"message":"Login first to access this resource."} 
23:55:14.996 INFO  /favicon.ico : {"statusCode":401,"message":"Login first to access this resource."} 
23:55:47.701 INFO  /img/WhatsApp%20Image%202023-03-27%20at%201.52.22%20AM.c11c33d4.jpeg : {"statusCode":401,"message":"Login first to access this resource."} 
23:19:25.107 INFO  /img/sidebar-2.261b92e1.jpg : {"statusCode":401,"message":"Login first to access this resource."} 
23:19:25.246 INFO  /img/WhatsApp%20Image%202023-03-27%20at%201.52.22%20AM.c11c33d4.jpeg : {"statusCode":401,"message":"Login first to access this resource."} 
23:26:03.053 INFO  /img/WhatsApp%20Image%202023-03-27%20at%201.52.22%20AM.c11c33d4.jpeg : {"statusCode":401,"message":"Login first to access this resource."} 
23:27:09.228 INFO  /img/WhatsApp%20Image%202023-03-27%20at%201.52.22%20AM.c11c33d4.jpeg : {"statusCode":401,"message":"Login first to access this resource."} 
23:27:53.975 INFO  /img/WhatsApp%20Image%202023-03-27%20at%201.52.22%20AM.c11c33d4.jpeg : {"statusCode":401,"message":"Login first to access this resource."} 
23:30:12.910 INFO  /app.e2e21179e34e3e60.hot-update.json : {"statusCode":401,"message":"Login first to access this resource."} 
23:31:38.771 INFO  /ws : {"statusCode":401,"message":"Login first to access this resource."} 
23:31:47.754 INFO  /ws : {"statusCode":401,"message":"Login first to access this resource."} 
23:32:04.761 INFO  /ws : {"statusCode":401,"message":"Login first to access this resource."} 
23:32:36.817 INFO  /ws : {"statusCode":401,"message":"Login first to access this resource."} 
23:33:40.912 INFO  /ws : {"statusCode":401,"message":"Login first to access this resource."} 
23:35:49.763 INFO  /ws : {"statusCode":401,"message":"Login first to access this resource."} 
10:48:32.675 INFO  / : {"statusCode":401,"message":"Login first to access this resource."} 
10:48:34.274 INFO  /favicon.ico : {"statusCode":401,"message":"Login first to access this resource."} 
20:04:00.891 INFO  /login : {"statusCode":400,"message":"الرجاء إدخال البريد الإلكتروني وكلمة المرور."} 
